<?xml version="1.0" encoding="UTF-8"?>
<!-- Generated by org.testng.reporters.JUnitReportReporter -->
<testsuite hostname="IjasBincy" failures="0" tests="1" name="Flipkart.FlipkartTest" time="27.239" errors="0" timestamp="2024-05-29T17:30:33 IST" skipped="0">
  <testcase classname="Flipkart.FlipkartTest" name="tc01" time="27.239"/>
</testsuite> <!-- Flipkart.FlipkartTest -->
